npm install -g firebase-tools
npm get prefix
echo 'export PATH="$(npm get prefix)/bin:$PATH"' >> ~/.bashrc
source ~/.bashrc
firebase --version
npm get prefix
echo $PATH | grep -o '[^:]*firebase[^:]*'
export PATH="$(npm get prefix)/bin:$PATH"
printenv PATH
printenv HOME
printenv USER
fire base login
firebase login
firebase login --no-localhost
firebase login
firebase login --no-localhost
flutter pub add firebase_core
dart pub global activate flutterfire_cli
* 
dart pub global activate flutterfire_cli
export PATH="$PATH":"$HOME/.pub-cache/bin"
echo 'export PATH="$(npm get prefix)/bin:$PATH"' >> ~/.bashrc
export PATH="$PATH":"$HOME/.pub-cache/bin"
# Windows (PowerShell/CMD) ou em WSL/bash:
export AGENDA_ROOT="C:\Users\Allandre Girodo\Documents\TCC\Agenda"
# ou no Linux/WSL:
export AGENDA_ROOT="/mnt/c/Users/Allandre Girodo/Documents/TCC/Agenda"
echo 'export PATH="$(npm get prefix)/bin:$PATH"' >> ~/.bashrc
dart pub global activate flutterfire_cli
echo 'export PATH="$(npm get prefix)/bin:$PATH"' >> ~/.bashrc
dart pub global activate flutterfire_cli
export AGENDA_ROOT="/mnt/c/Users/Allandre Girodo/Documents/TCC/Agenda"
export PATH="$(npm get prefix)/bin:$PATH"
dart pub global activate flutterfire_cli
flutter upgrade --force
dart pub global activate flutterfire_cli
history | sed 's/\s*[0-9]*\s*//' > /workspaces/Agenda/TERMINAL_COMMANDS.log
flutter pub add firebase_core
cd /workspaces/Agenda
flutter create .
cd /workspaces/Agenda
flutter create .
flutter create agenda
flutter config --jdk-dir=<JDK_DIRECTORY>
cd agenda
flutter run
flutter pub outdated
flutter run
cd /workspaces/Agenda/minha_app_flutter
ls -l pubspec.yaml
cd /workspaces/Agenda/agenda_horario/lib
ls -l pubspec.yaml
cd..
cd
cd /workspaces/Agenda/agenda_horario/
ls -l pubspec.yaml
flutter pub add firebase_core
flutter run
cd /workspaces/Agenda/agenda_horario
flutter clean
flutter run
flutter clean
history | sed 's/\s*[0-9]*\s*//' > /workspaces/Agenda/TERMINAL_COMMANDS.log
